<?xml version="1.0" encoding="UTF-8"?>
<testng-results skipped="0" failed="0" ignored="0" total="1" passed="1">
  <reporter-output>
  </reporter-output>
  <suite name="Suite" duration-ms="7177" started-at="2017-10-27T06:32:50Z" finished-at="2017-10-27T06:32:57Z">
    <groups>
    </groups>
    <test name="Test" duration-ms="7177" started-at="2017-10-27T06:32:50Z" finished-at="2017-10-27T06:32:57Z">
      <class name="com.customerportal.tests.BasePageTest">
        <test-method status="PASS" signature="initializeTestBaseSetup(java.lang.String, java.lang.String)[pri:0, instance:com.customerportal.tests.BasePageTest@1738a82]" name="initializeTestBaseSetup" is-config="true" duration-ms="5735" started-at="2017-10-27T12:02:50Z" finished-at="2017-10-27T12:02:56Z">
          <params>
            <param index="0">
              <value>
                <![CDATA[chrome]]>
              </value>
            </param>
            <param index="1">
              <value>
                <![CDATA[https://www.google.co.in/]]>
              </value>
            </param>
          </params>
          <reporter-output>
          </reporter-output>
        </test-method> <!-- initializeTestBaseSetup -->
        <test-method status="PASS" signature="setUp()[pri:0, instance:com.customerportal.tests.BasePageTest@1738a82]" name="setUp" is-config="true" duration-ms="0" started-at="2017-10-27T12:02:56Z" finished-at="2017-10-27T12:02:56Z">
          <reporter-output>
          </reporter-output>
        </test-method> <!-- setUp -->
        <test-method status="PASS" signature="verifyHomePage(java.lang.String)[pri:0, instance:com.customerportal.tests.BasePageTest@1738a82]" name="verifyHomePage" duration-ms="43" started-at="2017-10-27T12:02:56Z" finished-at="2017-10-27T12:02:56Z">
          <params>
            <param index="0">
              <value>
                <![CDATA[Google]]>
              </value>
            </param>
          </params>
          <reporter-output>
          </reporter-output>
        </test-method> <!-- verifyHomePage -->
        <test-method status="PASS" signature="tearDown()[pri:0, instance:com.customerportal.tests.BasePageTest@1738a82]" name="tearDown" is-config="true" duration-ms="1371" started-at="2017-10-27T12:02:56Z" finished-at="2017-10-27T12:02:57Z">
          <reporter-output>
          </reporter-output>
        </test-method> <!-- tearDown -->
      </class> <!-- com.customerportal.tests.BasePageTest -->
    </test> <!-- Test -->
  </suite> <!-- Suite -->
</testng-results>
